<?xml version="1.0" encoding="UTF-8"?>
<!-- Generated by org.testng.reporters.JUnitReportReporter -->
<testsuite hostname="USABOS147292L" name="com.cucumber.testng.examples.RunCukesByFeatureAndCompositionTest2" tests="1" failures="0" timestamp="18 Jun 2017 21:17:56 GMT" time="0.018" errors="0">
  <testcase name="feature" time="0.018" classname="com.cucumber.testng.examples.RunCukesByFeatureAndCompositionTest2"/>
</testsuite> <!-- com.cucumber.testng.examples.RunCukesByFeatureAndCompositionTest2 -->
