<?xml version="1.0" encoding="UTF-8"?>
<!-- Generated by org.testng.reporters.JUnitReportReporter -->
<testsuite hostname="USABOS147292L" name="com.cucumber.testng.examples.RunCukesByCompositionGrp1_Test2" tests="1" failures="0" timestamp="18 Jun 2017 19:17:43 GMT" time="0.827" errors="0">
  <testcase name="runCukes" time="0.827" classname="com.cucumber.testng.examples.RunCukesByCompositionGrp1_Test2"/>
</testsuite> <!-- com.cucumber.testng.examples.RunCukesByCompositionGrp1_Test2 -->
